<?xml version="1.0" encoding="UTF-8"?>
<!-- Generated by org.testng.reporters.JUnitXMLReporter -->
<testsuite hostname="rd-sh05" ignored="0" name="Sprint1(failed)" tests="1" failures="1" timestamp="24 Jul 2019 10:39:02 GMT" time="0.123" errors="0">
  <testcase name="testWordPress" time="0.033" classname="TestNGClasses.TestCase3">
    <failure type="java.lang.AssertionError" message="expected [true] but found [false]">
      <![CDATA[java.lang.AssertionError: expected [true] but found [false]
at TestNGClasses.TestCase3.testWordPress(TestCase3.java:11)
at runner.TestRunner.main(TestRunner.java:17)
... Removed 26 stack frames]]>
    </failure>
  </testcase> <!-- testWordPress -->
</testsuite> <!-- Sprint1(failed) -->
