<?xml version="1.0" encoding="UTF-8"?>
<!-- Generated by org.testng.reporters.JUnitXMLReporter -->
<testsuite hostname="rd-sh05" ignored="0" name="Sprint1" tests="3" failures="1" timestamp="24 Jul 2019 10:15:48 GMT" time="0.14" errors="0">
  <testcase name="testFacebook" time="0.031" classname="TestNGClasses.TestCase1"/>
  <testcase name="testTwitter" time="0.0" classname="TestNGClasses.TestCase2"/>
  <testcase name="testWordPress" time="0.012" classname="TestNGClasses.TestCase3">
    <failure type="java.lang.AssertionError" message="expected [true] but found [false]">
      <![CDATA[java.lang.AssertionError: expected [true] but found [false]
at TestNGClasses.TestCase3.testWordPress(TestCase3.java:11)
... Removed 29 stack frames]]>
    </failure>
  </testcase> <!-- testWordPress -->
</testsuite> <!-- Sprint1 -->
